[debug] [2021-09-21T16:40:16.861Z] ----------------------------------------------------------------------
[debug] [2021-09-21T16:40:16.864Z] Command:       C:\Program Files\nodejs\node.exe C:\Users\ReporteqDev9\AppData\Roaming\npm\node_modules\firebase-tools\lib\bin\firebase.js init
[debug] [2021-09-21T16:40:16.864Z] CLI Version:   9.18.0
[debug] [2021-09-21T16:40:16.864Z] Platform:      win32
[debug] [2021-09-21T16:40:16.864Z] Node Version:  v14.17.1
[debug] [2021-09-21T16:40:16.865Z] Time:          Tue Sep 21 2021 21:40:16 GMT+0500 (Pakistan Standard Time)
[debug] [2021-09-21T16:40:16.866Z] ----------------------------------------------------------------------
[debug] 
[debug] [2021-09-21T16:40:16.869Z] >>> [apiv2][query] GET https://firebase-public.firebaseio.com/cli.json [none]
[debug] [2021-09-21T16:40:16.896Z] > command requires scopes: ["email","openid","https://www.googleapis.com/auth/cloudplatformprojects.readonly","https://www.googleapis.com/auth/firebase","https://www.googleapis.com/auth/cloud-platform"]
[debug] [2021-09-21T16:40:16.897Z] > authorizing via signed-in user (realmuneebajaz@gmail.com)
[info] 
     ######## #### ########  ######## ########     ###     ######  ########
     ##        ##  ##     ## ##       ##     ##  ##   ##  ##       ##
     ######    ##  ########  ######   ########  #########  ######  ######
     ##        ##  ##    ##  ##       ##     ## ##     ##       ## ##
     ##       #### ##     ## ######## ########  ##     ##  ######  ########

You're about to initialize a Firebase project in this directory:

  C:\Users\ReporteqDev9\Desktop\sample-app-videosdk-master\src

[debug] [2021-09-21T16:40:20.371Z] <<< [apiv2][status] GET https://firebase-public.firebaseio.com/cli.json 200
[debug] [2021-09-21T16:40:20.371Z] <<< [apiv2][body] GET https://firebase-public.firebaseio.com/cli.json {"cloudBuildErrorAfter":1594252800000,"cloudBuildWarnAfter":1590019200000,"defaultNode10After":1594252800000,"minVersion":"3.0.5","node8DeploysDisabledAfter":1613390400000,"node8RuntimeDisabledAfter":1615809600000,"node8WarnAfter":1600128000000}
